[0725/201346.447:ERROR:process_reader_win.cc(123)] NtOpenThread: {Access Denied} A process has requested access to an object, but has not been granted those access rights. (0xc0000022)
[0725/201346.450:ERROR:exception_snapshot_win.cc(98)] thread ID 3960 not found in process
[0726/101409.749:ERROR:process_reader_win.cc(151)] SuspendThread: Access is denied. (0x5)
[0726/101409.752:ERROR:process_reader_win.cc(151)] SuspendThread: Access is denied. (0x5)
[0726/101409.752:ERROR:process_reader_win.cc(151)] SuspendThread: Access is denied. (0x5)
[0726/101409.752:ERROR:process_reader_win.cc(151)] SuspendThread: Access is denied. (0x5)
[0726/101409.752:ERROR:process_reader_win.cc(151)] SuspendThread: Access is denied. (0x5)
[0726/101409.752:ERROR:process_reader_win.cc(151)] SuspendThread: Access is denied. (0x5)
[0726/101409.753:ERROR:process_reader_win.cc(123)] NtOpenThread: {Access Denied} A process has requested access to an object, but has not been granted those access rights. (0xc0000022)
[0726/101409.754:ERROR:exception_snapshot_win.cc(98)] thread ID 99500 not found in process
[0726/101409.816:ERROR:process_reader_win.cc(151)] SuspendThread: Access is denied. (0x5)
[0726/101409.817:ERROR:process_reader_win.cc(151)] SuspendThread: Access is denied. (0x5)
[0726/101409.818:ERROR:process_reader_win.cc(151)] SuspendThread: Access is denied. (0x5)
[0726/101409.818:ERROR:process_reader_win.cc(151)] SuspendThread: Access is denied. (0x5)
[0726/101409.818:ERROR:process_reader_win.cc(151)] SuspendThread: Access is denied. (0x5)
[0726/101409.818:ERROR:process_reader_win.cc(151)] SuspendThread: Access is denied. (0x5)
[0726/101409.818:ERROR:process_reader_win.cc(151)] SuspendThread: Access is denied. (0x5)
[0726/101409.818:ERROR:process_reader_win.cc(151)] SuspendThread: Access is denied. (0x5)
[0726/101409.818:ERROR:process_reader_win.cc(123)] NtOpenThread: {Access Denied} A process has requested access to an object, but has not been granted those access rights. (0xc0000022)
[0726/101409.819:ERROR:exception_snapshot_win.cc(98)] thread ID 99508 not found in process
[0824/202240.952:ERROR:prune_crash_reports.cc(34)] PruneCrashReportDatabase: Failed to get pending reports
[0826/082133.892:ERROR:process_reader_win.cc(151)] SuspendThread: Access is denied. (0x5)
[0826/082134.348:ERROR:process_reader_win.cc(151)] SuspendThread: Access is denied. (0x5)
[0826/082134.348:ERROR:process_reader_win.cc(151)] SuspendThread: Access is denied. (0x5)
[0826/082134.348:ERROR:process_reader_win.cc(151)] SuspendThread: Access is denied. (0x5)
[0826/082134.348:ERROR:process_reader_win.cc(151)] SuspendThread: Access is denied. (0x5)
[0826/082134.348:ERROR:process_reader_win.cc(151)] SuspendThread: Access is denied. (0x5)
[0826/082134.348:ERROR:process_reader_win.cc(123)] NtOpenThread: {Access Denied} A process has requested access to an object, but has not been granted those access rights. (0xc0000022)
[0826/082134.848:ERROR:exception_snapshot_win.cc(98)] thread ID 13168 not found in process
[0828/051232.423:ERROR:prune_crash_reports.cc(34)] PruneCrashReportDatabase: Failed to get pending reports
[0828/051317.977:ERROR:prune_crash_reports.cc(34)] PruneCrashReportDatabase: Failed to get pending reports
[0828/051319.441:ERROR:prune_crash_reports.cc(34)] PruneCrashReportDatabase: Failed to get pending reports
[0828/051344.440:ERROR:prune_crash_reports.cc(34)] PruneCrashReportDatabase: Failed to get pending reports
[0828/051347.774:ERROR:prune_crash_reports.cc(34)] PruneCrashReportDatabase: Failed to get pending reports
[1003/224239.649:ERROR:prune_crash_reports.cc(34)] PruneCrashReportDatabase: Failed to get pending reports
[1003/224310.314:ERROR:prune_crash_reports.cc(34)] PruneCrashReportDatabase: Failed to get pending reports
[1003/224313.099:ERROR:prune_crash_reports.cc(34)] PruneCrashReportDatabase: Failed to get pending reports
[1012/225110.171:ERROR:prune_crash_reports.cc(34)] PruneCrashReportDatabase: Failed to get pending reports
[1012/225120.419:ERROR:prune_crash_reports.cc(34)] PruneCrashReportDatabase: Failed to get pending reports
[1012/225130.768:ERROR:prune_crash_reports.cc(34)] PruneCrashReportDatabase: Failed to get pending reports
[1027/205731.512:ERROR:prune_crash_reports.cc(34)] PruneCrashReportDatabase: Failed to get pending reports
[1027/205736.019:ERROR:prune_crash_reports.cc(34)] PruneCrashReportDatabase: Failed to get pending reports
[1101/183723.113:ERROR:prune_crash_reports.cc(34)] PruneCrashReportDatabase: Failed to get pending reports
[1101/183752.281:ERROR:prune_crash_reports.cc(34)] PruneCrashReportDatabase: Failed to get pending reports
[1101/183804.417:ERROR:prune_crash_reports.cc(34)] PruneCrashReportDatabase: Failed to get pending reports
[1101/184144.211:ERROR:prune_crash_reports.cc(34)] PruneCrashReportDatabase: Failed to get pending reports
[1117/132251.754:ERROR:prune_crash_reports.cc(34)] PruneCrashReportDatabase: Failed to get pending reports
[1205/202542.277:ERROR:prune_crash_reports.cc(34)] PruneCrashReportDatabase: Failed to get pending reports
[1205/202545.613:ERROR:prune_crash_reports.cc(34)] PruneCrashReportDatabase: Failed to get pending reports
[1205/202604.491:ERROR:prune_crash_reports.cc(34)] PruneCrashReportDatabase: Failed to get pending reports
[1205/202605.761:ERROR:prune_crash_reports.cc(34)] PruneCrashReportDatabase: Failed to get pending reports
[1214/173400.512:ERROR:prune_crash_reports.cc(35)] PruneCrashReportDatabase: Failed to get pending reports
[1214/173410.726:ERROR:prune_crash_reports.cc(35)] PruneCrashReportDatabase: Failed to get pending reports
[1214/173411.566:ERROR:prune_crash_reports.cc(35)] PruneCrashReportDatabase: Failed to get pending reports
[0207/092547.913:ERROR:prune_crash_reports.cc(35)] PruneCrashReportDatabase: Failed to get pending reports
[0207/092550.704:ERROR:prune_crash_reports.cc(35)] PruneCrashReportDatabase: Failed to get pending reports
[0209/132200.895:ERROR:prune_crash_reports.cc(35)] PruneCrashReportDatabase: Failed to get pending reports
[0209/132211.420:ERROR:prune_crash_reports.cc(35)] PruneCrashReportDatabase: Failed to get pending reports
[0209/132212.241:ERROR:prune_crash_reports.cc(35)] PruneCrashReportDatabase: Failed to get pending reports
[0209/132219.864:ERROR:prune_crash_reports.cc(35)] PruneCrashReportDatabase: Failed to get pending reports
[0216/104644.123:ERROR:prune_crash_reports.cc(35)] PruneCrashReportDatabase: Failed to get pending reports
[0220/143455.681:ERROR:process_info.cc(359)] UncheckedAllocate
[0220/143455.712:ERROR:file_io_win.cc(161)] CreateFile D:\temp\scoped_dir164924_12039520\Crashpad\settings.dat: The system cannot find the file specified. (0x2)
[0226/222207.112:ERROR:prune_crash_reports.cc(35)] PruneCrashReportDatabase: Failed to get pending reports
[0226/222215.032:ERROR:prune_crash_reports.cc(35)] PruneCrashReportDatabase: Failed to get pending reports
[0226/222218.733:ERROR:prune_crash_reports.cc(35)] PruneCrashReportDatabase: Failed to get pending reports
[0227/101201.961:ERROR:prune_crash_reports.cc(35)] PruneCrashReportDatabase: Failed to get pending reports
[0301/031449.752:ERROR:crashpad_client_win.cc(505)] CreateProcess: The paging file is too small for this operation to complete. (0x5AF)
[0302/121545.563:ERROR:prune_crash_reports.cc(35)] PruneCrashReportDatabase: Failed to get pending reports
[0302/121600.143:ERROR:prune_crash_reports.cc(35)] PruneCrashReportDatabase: Failed to get pending reports
[0302/121621.398:ERROR:prune_crash_reports.cc(35)] PruneCrashReportDatabase: Failed to get pending reports
